<?xml version="1.0" encoding="UTF-8"?>
<!-- Generated by org.testng.reporters.JUnitReportReporter -->
<testsuite hostname="LAPTOP-HL3AL6R5" failures="0" tests="1" name="basicrequest.swaggerPostReq" time="5.998" errors="0" timestamp="2023-07-23T10:18:44 IST" skipped="0">
  <testcase classname="basicrequest.swaggerPostReq" name="createUser" time="5.998"/>
</testsuite> <!-- basicrequest.swaggerPostReq -->
