<?xml version="1.0" encoding="UTF-8"?>
<!-- Generated by org.testng.reporters.JUnitReportReporter -->
<testsuite hostname="LAPTOP-HL3AL6R5" failures="0" tests="1" name="basicrequest.CreateUserSwagger" time="3.359" errors="0" timestamp="2023-07-04T16:49:19 IST" skipped="0">
  <testcase classname="basicrequest.CreateUserSwagger" name="createAUser" time="3.359"/>
</testsuite> <!-- basicrequest.CreateUserSwagger -->
