<?xml version="1.0" encoding="UTF-8"?>
<!-- Generated by org.testng.reporters.JUnitReportReporter -->
<testsuite hostname="LAPTOP-HL3AL6R5" failures="0" tests="1" name="basicrequest.GETWorkspace" time="3.695" errors="0" timestamp="2023-06-29T15:26:56 IST" skipped="0">
  <testcase classname="basicrequest.GETWorkspace" name="getPostmanWorkspace" time="3.695"/>
</testsuite> <!-- basicrequest.GETWorkspace -->
