<?xml version="1.0" encoding="UTF-8"?>
<!-- Generated by org.testng.reporters.JUnitReportReporter -->
<testsuite hostname="LAPTOP-HL3AL6R5" failures="0" tests="2" name="basicrequest.swaggerPostGetInOne" time="15.052" errors="0" timestamp="2023-07-24T21:38:18 IST" skipped="0">
  <testcase classname="basicrequest.swaggerPostGetInOne" name="postUser" time="11.223"/>
  <testcase classname="basicrequest.swaggerPostGetInOne" name="getUser" time="3.829"/>
</testsuite> <!-- basicrequest.swaggerPostGetInOne -->
