<?xml version="1.0" encoding="UTF-8"?>
<!-- Generated by org.testng.reporters.JUnitReportReporter -->
<testsuite hostname="LAPTOP-HL3AL6R5" failures="0" tests="1" name="basicrequest.swaggerGetReq" time="3.287" errors="0" timestamp="2023-07-21T11:54:44 IST" skipped="0">
  <testcase classname="basicrequest.swaggerGetReq" name="getUserfour" time="3.287"/>
</testsuite> <!-- basicrequest.swaggerGetReq -->
