<?xml version="1.0" encoding="UTF-8"?>
<!-- Generated by org.testng.reporters.JUnitReportReporter -->
<testsuite hostname="LAPTOP-HL3AL6R5" failures="0" tests="1" name="basicrequest.Getw" time="3.535" errors="0" timestamp="2023-06-29T16:16:55 IST" skipped="0">
  <testcase classname="basicrequest.Getw" name="getw" time="3.535"/>
</testsuite> <!-- basicrequest.Getw -->
