<?xml version="1.0" encoding="UTF-8"?>
<!-- Generated by org.testng.reporters.JUnitReportReporter -->
<testsuite hostname="LAPTOP-HL3AL6R5" failures="0" tests="1" name="basicrequest.createWorkspace" time="4.880" errors="0" timestamp="2023-06-29T18:06:38 IST" skipped="0">
  <testcase classname="basicrequest.createWorkspace" name="createNewWorkspace" time="4.880"/>
</testsuite> <!-- basicrequest.createWorkspace -->
