<?xml version="1.0" encoding="UTF-8"?>
<!-- Generated by org.testng.reporters.JUnitReportReporter -->
<testsuite hostname="LAPTOP-HL3AL6R5" failures="0" tests="1" name="basicrequest.GETRequestSwagger" time="3.190" errors="0" timestamp="2023-07-04T17:19:26 IST" skipped="0">
  <testcase classname="basicrequest.GETRequestSwagger" name="getAUser" time="3.190"/>
</testsuite> <!-- basicrequest.GETRequestSwagger -->
