<?xml version="1.0" encoding="UTF-8"?>
<!-- Generated by org.testng.reporters.JUnitReportReporter -->
<testsuite hostname="LAPTOP-HL3AL6R5" failures="0" tests="1" name="Zerodhakite.TestClass" time="0.538" errors="0" timestamp="2022-07-08T10:19:06 IST" skipped="0">
  <testcase classname="Zerodhakite.TestClass" name="Totest" time="0.538"/>
  <system-out/>
</testsuite> <!-- Zerodhakite.TestClass -->
